43482032
0
58127836
9182870
0
298109177
267225585
18749556
52482952
72325717
36376452
811879227
611272080
617893408
921467523
719714348
914778197
425498057
8169545
568667965
699978577
191754267
86283398
86494820
89254280
242263422
938997781
141272990
499953832
120664599
403921745
689397439
927870460
0
0
122133824
333354451
111226231
163760
393851320
489433708
595378476
60510087
372655987
970338710
138740680
160192372
239364130
83178932
177475730
269615477
911127923
680987751
0
574047956
11036666
726067093
423594917
551518871
246731014
7017156
77352633
778445369
766219195
132509299
115926946
857978034
64218027
206892187
37361394
964024907
766218818
0
373387778
487297103
952743346
608050909
107449792
283516709
946711477
273578541
154530157
154388979
995396531
668298051
89874536
0
792847048
374899732
490377923
0
508284256
245721797
4644864
8093161
312376942
356817699
27475200
741294812
34340196
193230383
736978455
725163954
239543114
17114544
22235167
352073654
315835853
100305484
766071734
756979924
99117251
198681209
507898918
698817979
573345703
247820994
595215206
645548602
0
580894711
372438221
0
53440218
16551211
87620056
158676008
0
60676112
185744994
0
224996163
0
327081959
510461064
20882120
0
645429264
40974360
45810056
514562714
235510747
938578831
74704583
321817398
0
4050838
110911244
42863838
607078123
179442748
917602169
798157184
96542459
176528328
796859479
294537325
554409866
0
908446239
48945288
859603808
43085072
17364520
44576076
2768976
0
487644215
344253129
41700107
908312363
0
638193038
482475465
25293450
688714259
233233636
781044848
209224512
843905710
266425331
408568711
811339888
348141515
0
879587192
741451881
212687994
436920802
709726397
467532110
484660116
33512960
136468075
401294318
0
411875481
248760746
53724270
0
214835970
956484051
24134880
100458560
25399769
618790382
692110252
0
527840249
719452961
215511805
26727137
311834830
80942992
491419556
0
741109349
70069148
12476256
580118279
87720230
857982578
35394921
657358071
427425070
694336174
194206500
398122504
810779483
159411925
467284656
191504822
60345260
64228301
0
832355672
525745184
515175942
179963753
437413662
95314128
644420221
390737234
0
297832702
20080480
303990413
101634817
418298468
243134682
35580453
201014551
617302401
548680668
3675888
302049787
256045188
785169142
42333322
764453907
158585650
533816227
443418934
0
575953366
637803065
731889005
661483478
391469242
11778012
70717118
591909346
47250176
341520399
92756873
145127147
305925745
66492960
377160782
653041176
232854086
42733904
410971359
0
681744381
708573638
166399212
152346323
0
429298627
26070384
342625211
58089206
838767469
240591021
0
0
234336226
108087037
14005068
95503131
0
132431744
809985304
1770230
396973277
560739817
929200528
581882980
636375322
56279106
15883890
10811229
734735053
0
0
143305353
21336887
821754338
525818755
84312701
331467546
218009753
803489174
443065210
107698323
0
509625064
56254696
153871266
0
582094640
364692921
86295983
318377424
554744622
0
173047741
496524567
85271480
261853957
20880639
38538162
360443844
0
939251931
969432869
229227253
248049552
452095280
915915930
303213154
591265551
909278859
5330520
0
242107499
467724535
706068735
126549170
44548842
4861440
138906612
134883213
349418124
0
871612998
44248342
0
651076428
494672010
728486945
743783858
654034242
732900837
828382452
263308703
580981390
926437157
137804964
124866940
602212558
27504600
951223514
0
321381033
0
239207212
0
687332394
167873910
65461179
881190067
241448829
0
708963040
37148398
564053491
487190322
915132851
283832432
25533760
116758800
25528467
78135930
0
144632396
41606264
31941735
706737742
491028324
97544586
695460625
414547086
326938346
20813808
67087687
51820525
990536521
10999692
665736671
87476037
77572824
44252676
869686071
16421250
719026976
314584843
217375527
36111934
972058123
897322607
998332090
18136147
262018828
768703103
318315448
15612112
0
33130674
61259731
330348011
375165572
713001720
89447475
433260699
989781881
67379308
30862254
0
749344389
990389925
645005990
19281426
548607889
395532185
187124884
101728663
37415286
444300042
762887191
431267240
337081010
651423845
28403595
20253696
346670055
829178038
230830086
293922995
28252855
29575
916060803
705524753
90757680
133997784
21914002
219042245
197747472
522300994
736773185
28334429
19590112
587842326
286700622
0
85338952
506284807
136757027
337770612
287331311
360433956
0
659835225
622247651
449009166
426573077
226017171
121024948
900590383
280877903
38179018
591265982
80686322
283609959
903788109
448588158
177334127
101520402
5118648
73220140
307135453
642956008
117476431
55143668
691036184
917529120
144297384
809632618
484724656
375420728
2434320
641770215
304907880
717739595
940740087
505467761
665036736
110209443
48008752
948063225
353228154
565206676
237397814
352914442
831473425
138945616
950150574
9402370
794627860
936507441
112669271
98264575
299929546
12659872
618438107
19970496
61042432
765687474
250902142
790226945
21449799
819531170
155306197
281467735
0
425090371
220469054
640784684
709576972
0
0
514384667
503642584
957727850
71467318
81742983
0
314561983
19761311
61048437
412948686
946982396
7619040
669214411
239003574
627629165
922780727
10003169
166353045
0
602612855
366951028
521243733
0
456841683
632599045
987140803
744678025
310230730
40027336
97398727
897338881
0
412724854
0
31761840
596354913
178781479
212368299
26860696
807973363
822056174
102660738
44025396
454507952
22537869
685946404
603281141
0
582942529
991788
882328445
666339560
201674096
847396590
616246194
108558102
18998700
42718190
683454311
662864133
557507639
79637406
868919703
374332122
994280
124150596
0
554832930
0
0
546505603
814526946
0
30260160
84534105
597510365
640012924
381625385
68928812
37392648
269801693
155843583
688756308
54351466
41296092
925561036
741319220
463286887
925332305
455310678
303818931
643252652
173257542
596415673
446476925
714155373
6411440
959536487
446419019
489215572
113061316
145068744
285384024
0
0
545136987
1965164
342827146
672417113
108380692
558314338
68631782
0
769278744
516681016
0
844600199
638843792
8659980
443201
73856872
3716160
54831300
467363406
371371
0
385061649
154688756
230016761
428928770
892020815
137430152
250350746
208114174
858327196
148093004
644998048
950916243
602478645
112541196
983969153
250521936
91821776
95815826
860950288
407601196
149234715
86280980
47108392
245330212
230489814
89364859
0
2725170
800862743
72743543
31061040
102489460
436249448
3261240
605315116
228565462
479190642
49911315
155338904
73261446
101268863
287717198
308884569
681403199
746013170
349140942
517629573
507903407
263584039
1709544
149624528
866552059
44607672
580048886
262911899
497210644
990536909
0
0
483313854
0
357445902
240474750
213718202
985852365
93368547
71501336
0
16332812
46041198
420588061
727158614
153258231
0
0
552795043
7004160
206368856
173873494
370074138
396617736
172199089
376884618
0
12385411
859385119
704278836
162172685
413267055
219876831
595450135
0
676230842
558096707
6044666
1045440
0
0
458396255
281640972
0
403751274
937865581
0
92255182
315231884
45302929
694337767
2210526
122348636
175194865
68030140
688891420
92619946
258118996
344398766
18734731
951234561
468216427
199383694
156515197
0
530158459
72366670
105026977
794978507
736038443
390263397
778776884
28138080
6810055
918624728
806079338
611438377
363165748
747790769
0
823431944
832087852
2798640
175907932
885256821
42878704
330858724
0
777734882
789042190
84963409
24603075
177840
996470693
154750212
784650552
647811699
357977829
229941044
708750285
937265954
960170635
503193554
166726960
481998075
926828242
12475110
912030779
634379229
536740960
16701480
59205753
851317659
0
637478072
595327628
88921224
79375314
774411818
272080820
744792774
3189888
0
332905713
243159437
209263048
0
0
374825876
500830958
691687858
226541476
44019788
310589505
460601087
129473502
213363278
874431336
47962287
21159097
236567709
278759384
103453242
36636550
74942526
604166851
5932640
20490240
872624947
250149550
841571358
11724980
391577890
25483023
753608223
947787949
203471068
9949750
0
105744132
254009209
850198333
240896738
73222515
349493782
619358858
694587028
871253902
448641312
10648301
96076646
136538008
0
237004284
0
21471084
0
49312477
895824406
126161955
496832266
38439950
628867606
291170092
647740025
75209918
52949275
992046077
425267156
0
930665919
630704658
687515114
481352902
0
265216348
16930368
18008832
516457901
231161953
99022964
364122205
541029045
316383433
6231316
652999345
572065477
197313630
357986752
495425993
0
315767400
765293291
129989290
26387904
12157921
0
191590596
18060900
0
45273858
47891679
0
360036106
239232924
135868829
317869009
29229834
87576289
105453366
112154652
418812749
0
824532462
279087947
171028876
525253785
789418628
45138932
646707997
91317435
4870008
81430842
207438431
0
194494201
756880792
785592808
427492848
223827283
264192547
926670439
661520450
0
612736588
658362208
639140021
456568585
661681055
0
689930886
21705909
0
0
70296358
550251455
814830560
396036986
277874917
196043796
114391834
560536254
904082093
20942274
346435120
937786525
832491979
554048336
31261680
84339619
648366270
2720312
151225460
601229745
671316036
631944196
88302082
0
146641548
6937323
54565476
456744363
994582184
106271780
233318149
513077477
329128454
788777385
416529560
471939222
468794845
0
475753641
880866720
471584731
920831593
0
232166124
256629612
171311431
606365998
915520332
49868422
658170114
86460216
398091671
592519485
0
690329603
27294501
786668970
599335990
0
0
912063408
16992800
453465761
900692456
352417797
224343396
480705687
805970569
657331832
77492128
1067904
226399409
256655769
605022974
919946466
635110598
385692059
0
767854022
0
640998814
693266049
0
274473708
848854816
584157836
0
0
166129317
939524598
449182396
746581115
175463623
409991651
436590576
226806288
174741648
679430080
9391360
862826852
831720815
132715865
24095910
5337180
173512541
0
922704699
405080968
0
53002326
507090663
633302000
227928650
282248348
6818604
418518076
37281648
383689468
31726450
68189536
890465394
802388661
992406571
119156499
13202064
0
348409063
49518273
501367436
692644190
954926159
329263050
662710824
602511947
2447144
640133643
760386343
358023816
383375987
751288890
43443732
4297846
438016563
328253285
0
898692902
234323279
0
523787159
0
411973024
0
590441460
212813535
213304950
695173558
565824402
443094819
311887087
363335317
331522804
183024169
451570790
181925553
474556119
14769542
388617522
521585437
53597640
75627961
225014950
10104120
602129936
166631792
0
980125818
242326899
79477806
639345256
14812233
126038446
391883236
960227077
17026362
145787079
0
435228842
201945296
5883856
0
85745196
755803787
170878332
665052654
429430816
44760893
888924212
240289071
390133154
957391822
364664023
137294106
156799336
42996844
198439684
115111798
126553915
8368512
937321542
177215669
847157406
0
408985798
357592178
519327941
8993394
8462560
590696828
229001974
311853779
73770645
828191794
104675136
649734781
667084117
145183990
918482489
286336639
5980920
11618256
0
68942717
95321784
49104
0
0
176309079
221134833
146752635
453284803
9326448
8542443
6657600
533657863
472825716
228424261
0
396005301
5025187
969603361
0
993832623
259871874
283069080
109548204
17001600
108445128
456435973
636550469
0
321307185
222880427
15160382
659105024
917684551
15747231
728111052
102507021
0
161546891
405282706
199983651
399171645
6614773
81597138
0
274013276
294597120
552705216
669297738
340162721
3835896
403158984
657244021
35246228
325192988
816293860
861541958
7342062
15930222
112264676
15966072
43939600
0
236688524
66342840
647638908
65639775
978864719
473030774
116128458
519105702
706189082
246481012
186749251
0
36276317
337674283
92524585
90010344
573729337
210752766
217272020
198549968
237907344
876041281
973868712
998821751
0
112492175
249130248
116511277
177853016
579022782
233491234
141439097
110065229
316354022
30319395
341136474
304178393
779219141
417915700
595340080
852565406
242727124
10148953
664717050
686539903
91995914
551579862
325454913
126975834
840981781
618242128
887150151
444317735
0
4227468
178282784
11365800
741157539
81291442
373275481
474950558
0
188433024
808472717
26789778
56434493
17861422
113638392
302550312
999650167
637616179
359672160
109762118
938173968
0
812798115
495039839
283165236
700803465
121837858
355700081
210452936
142158418
0
846503707
354657951
428965100
615431687
383577713
6702616
735963916
273984
69334646
1168232
87558090
533286605
29011714
804846526
505919530
57950888
905961127
336142027
638731137
376023620
791806598
0
245889706
421043073
658656878
0
189459889
853787438
280350421
61358593
699804984
590486403
0
10665032
723272106
663219009
563939231
233862891
159405562
685387927
165774884
39563222
538753317
33412814
24878664
943532173
88075452
342973800
36071656
136706668
0
31872096
0
182637744
163449416
119099208
212159571
455623244
331996506
48762120
926243497
9883782
679631181
304995795
24441738
764289960
183789617
307491874
198999900
491414835
71013996
745059158
559053728
124749974
0
218983859
275664128
345234073
0
66890790
900850455
799315078
999190920
324937004
720421694
3591616
202720022
2843750
225635814
171898614
400241071
472646461
180157488
134661995
53870616
266158926
0
399669596
248203564
650036441
164581046
141436965
0
23563833
442548743
104082416
211451345
360854189
297121472
0
561845854
694927130
710177242
193281834
780069978
723611343
611980986
378864590
687549535
0
218719502
133055932
626825068
16116100
11825492
672491750
0
202989238
0
834930663
965225000
139345537
100599
0
375170724
454347380
215785726
33001356
31005478
284163058
0
0
129302531
16296590
646432608
720490969
298513175
346204470
306559950
139849790
127611
137954368
131794554
139223848
78680296
228276868
11539100
767099814
11765298
292739231
244174746
81892491
391901998
205465842
367734294
494864178
807421929
0
902457005
13504197
694277159
131205666
773618142
802634285
79307857
14770980
0
959810650
476575469
773144244
823087404
898055463
976400035
897224966
819558939
648255254
905468487
670437197
475119586
836605134
201523414
39201912
361669731
0
0
0
869502248
0
879436203
0
86623311
469788017
0
67150358
675614043
401657351
241645954
517672041
1202307
0
53034476
197731199
351246849
266027814
379258489
751344690
31578520
162885900
226994030
18141228
62737645
3697920
53054176
738245522
245266992
906359018
81218090
201317706
161892620
59400216
931005
441514047
425952
219181668
254656444
807145744
881333343
630801091
19975800
315643532
362636208
454252261
18752180
800101287
243641040
216625768
986056166
886833001
514547221
20272044
152687904
159144184
0
0
55283772
79420266
809465820
15264699
82830583
214058824
0
982669404
12096084
83023696
0
43221274
213275221
35102244
33848039
903092502
726830655
15719805
1842610
85281579
296218967
186417342
914717620
268471074
0
760484524
138685026
265572766
146448434
376031767
481603448
141229166
476059192
911405615
319453155
443694333
4174800
453222154
841817543
269729553
76719336
45935064
72241225
35677440
425804231
15583170
660265813
792592940
615986200
541121392
337681615
984060198
262188586
25047810
91883829
67584252
964782983
906592912
490669595
945712757
668784647
0
94657882
243215039
548452500
478479121
248809883
310407576
206998945
95902915
501064243
674085329
139806151
330888035
655308164
336338742
389863096
55949250
41634320
6500345
459297591
184615668
218671100
307488476
69011852
407109581
375178831
264725675
588537889
0
387962866
130331228
307887025
805926299
22633968
104563205
48764826
578260318
138956924
275144853
661458304
41697522
538385424
97320226
697270535
665102745
72126421
256371654
641339050
608797762
569894652
165313608
114776678
333084594
0
893097410
0
0
85750279
549625408
54617820
643286582
346146557
30841848
532077700
659519469
378126995
157977492
1074420
0
81599896
270257468
647370993
0
44173527
216518175
180936999
538419452
95500684
192609596
604646758
59564813
553998213
209826371
0
273272348
859960305
45915856
6907950
2364210
852036077
0
887382216
903168857
56139920
123068350
237431916
127296
948639108
976032240
20696368
621770345
699438803
65991388
381869304
6496264
769601276
0
87088432
979677145
0
9872704
652369598
613827390
87613944
29542218
190847626
371737097
51440202
826007722
569894488
106190047
982842326
204412599
3020810
475695758
0
13340555
65162478
965205045
0
996415460
109052700
16571306
201222366
127463274
384299777
94360166
157122474
44126980
201311857
591365114
141563240
626604039
884277956
619767986
0
354053144
51327400
511608448
846710519
293109270
198279018
0
180873969
925258787
0
470511613
342507737
907415159
942459540
788546525
30197610
543153387
258364290
778121678
741619278
129245440
43984370
10712250
693656438
0
558617573
117257692
270894297
759701244
17219698
0
665228368
0
23528248
87118856
865867002
36544340
671602120
966220874
154278385
180638355
243555198
5107277
215577965
590805514
301292361
0
0
535523491
204827066
799461532
257981709
410992494
100060054
0
970253548
154743343
669973267
989392057
924024524
436997701
291534618
776327039
766054861
784466457
442742735
90142305
14470128
652713414
0
998721160
0
46862064
291633844
663351674
172114356
4337368
437442331
34776774
0
421637253
0
322196856
162381609
348347095
621874390
211868335
769048977
858557248
628603551
771729345
429642929
389357034
596711057
680971855
38969116
8233875
836839632
61872801
450229726
443238048
33168606
385221859
0
137563257
604847634
0
438429116
98465368
21534016
467934977
118047610
300400977
458959641
431172946
632084614
30181968
3586669
595554628
462092435
35694780
933251960
974850095
446133590
71673373
141551396
572009497
515084223
423910377
54368491
8976825
934626063
295149986
6763824
427550874
534874212
187328920
94721326
986471944
618314635
127755042
863160956
154443656
0
658368
70189844
90815328
716289706
513367914
465854870
757165592
99495621
545277783
97424104
215698002
118103083
663055292
908433611
0
14458219
275939685
220369088
974607181
23901696
329705778
928279935
610206333
913364880
876292383
371486109
89996470
10093266
251895298
208801354
0
753602783
383741170
1065896
229559687
141599968
70501272
116901903
565692125
0
747564607
0
589531581
7239260
71845023
154958744
3526105
323764215
253744040
195146985
419675954
99150980
479102618
429022904
218456988
246995569
42768246
876705875
381709142
19387449
0
330262587
69462074
356548997
10218088
231665293
23805600
513612331
424927268
911340997
395789186
5881590
249590033
158620968
488245414
766353359
364362534
2545862
683874738
182590637
439848
467810848
79858447
18798208
567363581
818313571
217598147
448096463
823722989
622977106
168247755
0
50267278
386399281
144026108
514173478
39574218
266631814
51735296
528290362
163146116
995920101
88918154
568195888
75305810
259227027
13054612
106218747
59014648
378644498
17661618
19802414
483679011
900605838
1829520